Starting React frontend at http://0.0.0.0:3000/
Starting Django backend at http://0.0.0.0:8000/
Watching for file changes with StatReloader

> frontend@0.1.0 start
> react-scripts start

Attempting to bind to HOST environment variable: 0.0.0.0
If this was unintentional, check that you haven't mistakenly set it in your shell.
Learn more here: https://cra.link/advanced-config

Starting the development server...

(node:12759) [DEP_WEBPACK_DEV_SERVER_ON_AFTER_SETUP_MIDDLEWARE] DeprecationWarning: 'onAfterSetupMiddleware' option is deprecated. Please use the 'setupMiddlewares' option.
(Use `node --trace-deprecation ...` to show where the warning was created)
(node:12759) [DEP_WEBPACK_DEV_SERVER_ON_BEFORE_SETUP_MIDDLEWARE] DeprecationWarning: 'onBeforeSetupMiddleware' option is deprecated. Please use the 'setupMiddlewares' option.
Not Found: /
[12/Mar/2026 09:46:58] "HEAD / HTTP/1.1" 404 0
Not Found: /
[12/Mar/2026 10:10:51] "GET / HTTP/1.1" 404 7930
Not Found: /favicon.ico
[12/Mar/2026 10:11:36] "GET /favicon.ico HTTP/1.1" 404 7981
Not Found: /http:/api.ipify.org/
[12/Mar/2026 10:12:20] "GET http://api.ipify.org/?format=json HTTP/1.1" 404 1873
Not Found: /www.shadowserver.org:443
[12/Mar/2026 10:12:27] "CONNECT www.shadowserver.org:443 HTTP/1.1" 404 1882
Performing system checks...

[Startup] Pre-fetching data for 0 stocks...
[Startup] Stock data pre-fetch and DB update complete.
System check identified no issues (0 silenced).
March 12, 2026 - 09:44:16
Django version 6.0.2, using settings 'stock_portfolio.settings'
Starting development server at http://0.0.0.0:8000/
Quit the server with CONTROL-C.

WARNING: This is a development server. Do not use it in a production setting. Use a production WSGI or ASGI server instead.
For more information on production servers see: https://docs.djangoproject.com/en/6.0/howto/deployment/
[Startup] Pre-fetching data for 0 stocks...
[Startup] Stock data pre-fetch and DB update complete.
